#
# A fatal error has been detected by the Java Runtime Environment:
#
#  EXCEPTION_ACCESS_VIOLATION (0xc0000005) at pc=0x00007ffd20aac9d0, pid=13104, tid=7660
#
# JRE version: OpenJDK Runtime Environment Corretto-17.0.11.9.1 (17.0.11+9) (build 17.0.11+9-LTS)
# Java VM: OpenJDK 64-Bit Server VM Corretto-17.0.11.9.1 (17.0.11+9-LTS, mixed mode, sharing, tiered, compressed oops, compressed class ptrs, g1 gc, windows-amd64)
# Problematic frame:
# V  [jvm.dll+0xc9d0]
#
# No core dump will be written. Minidumps are not enabled by default on client versions of Windows
#
# If you would like to submit a bug report, please visit:
#   https://github.com/corretto/corretto-17/issues/
#

---------------  S U M M A R Y ------------

Command Line: -javaagent:C:\Program Files\JetBrains\IntelliJ IDEA 2024.3.3\lib\idea_rt.jar=53064:C:\Program Files\JetBrains\IntelliJ IDEA 2024.3.3\bin -Dfile.encoding=UTF-8 org.Fingerprint.DTECFingerprint

Host: AMD Ryzen 5 5600 6-Core Processor              , 12 cores, 14G,  Windows 10 , 64 bit Build 19041 (10.0.19041.5438)
Time: Wed Feb 26 11:46:22 2025 Malay Peninsula Standard Time elapsed time: 4.374345 seconds (0d 0h 0m 4s)

---------------  T H R E A D  ---------------

Current thread (0x0000027006a19fe0):  JavaThread "Thread-15" [_thread_in_vm, id=7660, stack(0x0000007019800000,0x0000007019900000)]

Stack: [0x0000007019800000,0x0000007019900000],  sp=0x00000070198fec38,  free space=1019k
Native frames: (J=compiled Java code, j=interpreted, Vv=VM code, C=native code)
V  [jvm.dll+0xc9d0]

Java frames: (J=compiled Java code, j=interpreted, Vv=VM code)
j  com.digitalpersona.uareu.jni.Dpfpdd.DpfpddCapture(JIIIIILcom/digitalpersona/uareu/jni/Dpfpdd$IntReference;Lcom/digitalpersona/uareu/jni/Dpfpdd$IntReference;Lcom/digitalpersona/uareu/jni/Dpfpdd$IntReference;Lcom/digitalpersona/uareu/jni/Dpfpdd$IntReference;Lcom/digitalpersona/uareu/dpfpdd/FidImpl;)I+0
j  com.digitalpersona.uareu.jni.Dpfpdd.capture(JILcom/digitalpersona/uareu/Fid$Format;Lcom/digitalpersona/uareu/Reader$ImageProcessing;II)Lcom/digitalpersona/uareu/Reader$CaptureResult;+83
j  com.digitalpersona.uareu.dpfpdd.ReaderCollectionImpl$ReaderImpl.Capture(Lcom/digitalpersona/uareu/Fid$Format;Lcom/digitalpersona/uareu/Reader$ImageProcessing;II)Lcom/digitalpersona/uareu/Reader$CaptureResult;+20
j  org.Fingerprint.ui.CaptureThread.Capture()V+152
j  org.Fingerprint.ui.CaptureThread.run()V+15
v  ~StubRoutines::call_stub

siginfo: EXCEPTION_ACCESS_VIOLATION (0xc0000005), reading address 0x0000000000000000


Registers:
RAX=0x0000000000000000, RBX=0x0000027006a19fe0, RCX=0x0000000000000000, RDX=0x0000000000000000
RSP=0x00000070198fec38, RBP=0x00000070198fecf1, RSI=0x000002700746ef80, RDI=0x0000000000000000
R8 =0x00007ffd2140abc0, R9 =0x00000000000006f0, R10=0x0000027006a19fe0, R11=0x00000070198fec08
R12=0x0000027006a1a298, R13=0x00000070198fed88, R14=0x00000270078080a0, R15=0x0000000000000000
RIP=0x00007ffd20aac9d0, EFLAGS=0x0000000000010246


Register to memory mapping:

RIP=0x00007ffd20aac9d0 jvm.dll
RAX=0x0 is NULL
RBX=0x0000027006a19fe0 is a thread
RCX=0x0 is NULL
RDX=0x0 is NULL
RSP=0x00000070198fec38 is pointing into the stack for thread: 0x0000027006a19fe0
RBP=0x00000070198fecf1 is pointing into the stack for thread: 0x0000027006a19fe0
RSI=0x000002700746ef80 points into unknown readable memory: 0x00000007110daaa8 | a8 aa 0d 11 07 00 00 00
RDI=0x0 is NULL
R8 =0x00007ffd2140abc0 jvm.dll
R9 =0x00000000000006f0 is an unknown value
R10=0x0000027006a19fe0 is a thread
R11=0x00000070198fec08 is pointing into the stack for thread: 0x0000027006a19fe0
R12=0x0000027006a1a298 points into unknown readable memory: 0x00007ffd215b9800 | 00 98 5b 21 fd 7f 00 00
R13=0x00000070198fed88 is pointing into the stack for thread: 0x0000027006a19fe0
R14=0x00000270078080a0 points into unknown readable memory: 0x0030313000524946 | 46 49 52 00 30 31 30 00
R15=0x0 is NULL


Top of Stack: (sp=0x00000070198fec38)
0x00000070198fec38:   00007ffd20e8c99a 0000027006a19fe0
0x00000070198fec48:   00000270071da908 00000270000006f0
0x00000070198fec58:   00007ffd2140abc0 0000000000000000
0x00000070198fec68:   00007ffd6acf5a3d 0000000000000000
0x00000070198fec78:   000002700746ef80 000002700746ef80
0x00000070198fec88:   000002700746ef88 0000000000000000
0x00000070198fec98:   00007ffd001b0401 0000027006a19fe0
0x00000070198feca8:   00007ffd20ead0ee 00000000000222da
0x00000070198fecb8:   0000000005ba000d 00000070198fedf1
0x00000070198fecc8:   00007ffd6acfa53f 0033feff000222da
0x00000070198fecd8:   0000001e00000000 0000000100000001
0x00000070198fece8:   000001f4000001f4 0000000000000008
0x00000070198fecf8:   00008819f2ad41eb 000023683b34ae3f
0x00000070198fed08:   00000270078080a0 0000000000000000
0x00000070198fed18:   00000070198fef28 0000027006a1a298
0x00000070198fed28:   00000000001b0401 00000000000222da
0x00000070198fed38:   0000000000000000 00000070198fedf1
0x00000070198fed48:   00007ffd6acf51a2 0000000000000000
0x00000070198fed58:   0000000000000000 00000070198fedf1
0x00000070198fed68:   0000007000000003 00000070198fed88
0x00000070198fed78:   00000270078080a0 00000000000222da
0x00000070198fed88:   00000070198fef20 00000070198fef28
0x00000070198fed98:   001b040100000010 000001f400000000
0x00000070198feda8:   0000000100000024 0000000000000000
0x00000070198fedb8:   0000016500000014 000001f400000188
0x00000070198fedc8:   00007ffd00000008 00008819f2ad40cb
0x00000070198fedd8:   0000027006a19fe0 0000026fc180b5f0
0x00000070198fede8:   0000026febce9634 0000000000000000
0x00000070198fedf8:   0000027006a19fe0 00000070198fef70
0x00000070198fee08:   0000000000000000 00000070198feef0
0x00000070198fee18:   0000026febced6e1 0000026fc180b5f0
0x00000070198fee28:   0000026fc180b5f0 0000027006a19fe0 

Instructions: (pc=0x00007ffd20aac9d0)
0x00007ffd20aac8d0:   00 00 00 48 8b 41 38 48 8b 80 68 09 00 00 48 8b
0x00007ffd20aac8e0:   48 08 48 8b 40 50 48 d3 ea 80 3c 02 01 0f 85 cd
0x00007ffd20aac8f0:   00 00 00 48 8b 13 0f b6 c2 24 03 3c 03 75 19 48
0x00007ffd20aac900:   83 e2 fc 74 13 48 3b da 74 11 48 8b c2 48 8b 5c
0x00007ffd20aac910:   24 38 48 83 c4 20 5e c3 48 8b d3 48 8b 46 38 0f
0x00007ffd20aac920:   be 88 f1 02 00 00 c1 e9 02 f6 c1 01 74 dc 48 89
0x00007ffd20aac930:   7c 24 30 e8 a8 e3 ff ff 48 8b 0d 89 dc ba 00 48
0x00007ffd20aac940:   8b f8 48 81 c1 70 09 00 00 8b 41 40 0f b6 57 21
0x00007ffd20aac950:   8d 42 01 88 47 21 84 d2 75 0a 48 8b d7 e8 6e 03
0x00007ffd20aac960:   70 00 eb 20 80 7f 22 00 75 1a 8b 41 40 85 05 19
0x00007ffd20aac970:   d3 9a 00 74 0f b8 ff ff ff ff f0 0f c1 41 40 e8
0x00007ffd20aac980:   9c 03 70 00 48 8b 4e 38 4c 8b c7 48 8b d3 e8 dd
0x00007ffd20aac990:   f7 ff ff 0f b6 4f 21 48 8b d8 48 8b 15 27 dc ba
0x00007ffd20aac9a0:   00 8d 41 ff 88 47 21 80 f9 01 77 0f 48 8d 8a 70
0x00007ffd20aac9b0:   09 00 00 48 8b d7 e8 45 03 70 00 48 8b 7c 24 30
0x00007ffd20aac9c0:   48 8b c3 48 8b 5c 24 38 48 83 c4 20 5e c3 cc cc
0x00007ffd20aac9d0:   48 8b 01 c3 cc cc cc cc cc cc cc cc cc cc cc cc
0x00007ffd20aac9e0:   4c 8b 01 4c 8b c9 48 8b 0d 63 61 b6 00 ba 44 60
0x00007ffd20aac9f0:   08 00 e9 d9 f1 ff ff cc cc cc cc cc cc cc cc cc
0x00007ffd20aaca00:   48 89 5c 24 08 57 48 83 ec 20 48 8b 39 48 8b d9
0x00007ffd20aaca10:   48 85 3d c1 4a bb 00 75 0e 48 8b c7 48 8b 5c 24
0x00007ffd20aaca20:   30 48 83 c4 20 5f c3 48 8b cf e8 11 97 85 00 48
0x00007ffd20aaca30:   8b d0 48 85 c0 74 20 48 8b c7 f0 48 0f b1 13 74
0x00007ffd20aaca40:   16 48 85 05 90 4a bb 00 74 0d 48 8b c8 f0 48 0f
0x00007ffd20aaca50:   b1 13 48 3b c1 75 ea 48 8b 5c 24 30 48 8b c2 48
0x00007ffd20aaca60:   83 c4 20 5f c3 cc cc cc cc cc cc cc cc cc cc cc
0x00007ffd20aaca70:   4c 8b 01 4c 8b c9 48 8b 0d d3 60 b6 00 ba 64 60
0x00007ffd20aaca80:   08 00 e9 49 f1 ff ff cc cc cc cc cc cc cc cc cc
0x00007ffd20aaca90:   8b 05 62 a8 b0 00 c3 cc cc cc cc cc cc cc cc cc
0x00007ffd20aacaa0:   0f b6 05 e2 69 b7 00 48 8b d1 84 c0 74 16 44 8b
0x00007ffd20aacab0:   41 08 8b 0d 40 a8 b0 00 49 d3 e0 4c 03 05 2e a8
0x00007ffd20aacac0:   b0 00 eb 04 4c 8b 41 08 45 8b 50 08 45 85 d2 7e 


Stack slot to memory mapping:
stack at sp + 0 slots: 0x00007ffd20e8c99a jvm.dll
stack at sp + 1 slots: 0x0000027006a19fe0 is a thread
stack at sp + 2 slots: 0x00000270071da908 points into unknown readable memory: 0x00000007126a88d0 | d0 88 6a 12 07 00 00 00
stack at sp + 3 slots: 0x00000270000006f0 points into unknown readable memory: 0x0000000000000000 | 00 00 00 00 00 00 00 00
stack at sp + 4 slots: 0x00007ffd2140abc0 jvm.dll
stack at sp + 5 slots: 0x0 is NULL
stack at sp + 6 slots: 0x00007ffd6acf5a3d dpuareu_jni.dll
stack at sp + 7 slots: 0x0 is NULL


---------------  P R O C E S S  ---------------

Threads class SMR info:
_java_thread_list=0x0000027006d03050, length=42, elements={
0x0000026fff798d00, 0x0000026fff79a120, 0x0000026fff7aeb60, 0x0000026fff7af520,
0x0000026fff7b0680, 0x0000026fff7b1040, 0x0000026fff7c3300, 0x0000026fff8f0090,
0x0000026fff8f09a0, 0x0000026fff785de0, 0x0000026fc51dffb0, 0x0000026fc51a2660,
0x0000026fc54650b0, 0x0000026fc54c1020, 0x0000026fc54d0130, 0x0000026fc5461e30,
0x0000026fdcc95060, 0x0000026fc54bb020, 0x0000026fc5550190, 0x0000026fc56d5ff0,
0x0000026fc56d5ae0, 0x0000026fc56d6500, 0x0000027006a16d40, 0x0000027006a1b420,
0x0000027006b01c20, 0x0000027006a1d790, 0x0000027006a1e1b0, 0x0000027006a18180,
0x0000027006a1cd70, 0x0000027006a1dca0, 0x0000027006a1e6c0, 0x0000027006a1be40,
0x0000027006a18690, 0x0000027006a17250, 0x0000027006a17760, 0x0000027006a1d280,
0x0000027006a19ad0, 0x0000027006a1c350, 0x0000027006a17c70, 0x0000027006a195c0,
0x0000027006a190b0, 0x0000027006a19fe0
}

Java Threads: ( => current thread )
  0x0000026fff798d00 JavaThread "Reference Handler" daemon [_thread_blocked, id=2132, stack(0x0000007014400000,0x0000007014500000)]
  0x0000026fff79a120 JavaThread "Finalizer" daemon [_thread_blocked, id=15688, stack(0x0000007014500000,0x0000007014600000)]
  0x0000026fff7aeb60 JavaThread "Signal Dispatcher" daemon [_thread_blocked, id=10276, stack(0x0000007014600000,0x0000007014700000)]
  0x0000026fff7af520 JavaThread "Attach Listener" daemon [_thread_blocked, id=2640, stack(0x0000007014700000,0x0000007014800000)]
  0x0000026fff7b0680 JavaThread "Service Thread" daemon [_thread_blocked, id=9712, stack(0x0000007014800000,0x0000007014900000)]
  0x0000026fff7b1040 JavaThread "Monitor Deflation Thread" daemon [_thread_blocked, id=16968, stack(0x0000007014900000,0x0000007014a00000)]
  0x0000026fff7c3300 JavaThread "C2 CompilerThread0" daemon [_thread_blocked, id=1680, stack(0x0000007014a00000,0x0000007014b00000)]
  0x0000026fff8f0090 JavaThread "C1 CompilerThread0" daemon [_thread_blocked, id=15048, stack(0x0000007014b00000,0x0000007014c00000)]
  0x0000026fff8f09a0 JavaThread "Sweeper thread" daemon [_thread_blocked, id=8856, stack(0x0000007014c00000,0x0000007014d00000)]
  0x0000026fff785de0 JavaThread "Common-Cleaner" daemon [_thread_blocked, id=13260, stack(0x0000007014d00000,0x0000007014e00000)]
  0x0000026fc51dffb0 JavaThread "Monitor Ctrl-Break" daemon [_thread_in_native, id=6688, stack(0x0000007015000000,0x0000007015100000)]
  0x0000026fc51a2660 JavaThread "Notification Thread" daemon [_thread_blocked, id=11036, stack(0x0000007015100000,0x0000007015200000)]
  0x0000026fc54650b0 JavaThread "Java2D Disposer" daemon [_thread_blocked, id=3436, stack(0x0000007015300000,0x0000007015400000)]
  0x0000026fc54c1020 JavaThread "AWT-Shutdown" [_thread_blocked, id=8276, stack(0x0000007015400000,0x0000007015500000)]
  0x0000026fc54d0130 JavaThread "AWT-Windows" daemon [_thread_in_native, id=14052, stack(0x0000007015500000,0x0000007015600000)]
  0x0000026fc5461e30 JavaThread "AWT-EventQueue-0" [_thread_blocked, id=2908, stack(0x0000007015600000,0x0000007015700000)]
  0x0000026fdcc95060 JavaThread "DestroyJavaVM" [_thread_blocked, id=15488, stack(0x0000007013d00000,0x0000007013e00000)]
  0x0000026fc54bb020 JavaThread "Image Fetcher 0" daemon [_thread_blocked, id=10572, stack(0x0000007015700000,0x0000007015800000)]
  0x0000026fc5550190 JavaThread "RMI TCP Accept-0" daemon [_thread_in_native, id=11412, stack(0x0000007015800000,0x0000007015900000)]
  0x0000026fc56d5ff0 JavaThread "RMI TCP Connection(1)-192.168.1.4" daemon [_thread_in_native, id=10540, stack(0x0000007015900000,0x0000007015a00000)]
  0x0000026fc56d5ae0 JavaThread "RMI Scheduler(0)" daemon [_thread_blocked, id=4808, stack(0x0000007015c00000,0x0000007015d00000)]
  0x0000026fc56d6500 JavaThread "JMX server connection timeout 27" daemon [_thread_blocked, id=5712, stack(0x0000007015d00000,0x0000007015e00000)]
  0x0000027006a16d40 JavaThread "D3D Screen Updater" daemon [_thread_blocked, id=13508, stack(0x0000007017800000,0x0000007017900000)]
  0x0000027006a1b420 JavaThread "TimerQueue" daemon [_thread_blocked, id=15448, stack(0x0000007014e00000,0x0000007014f00000)]
  0x0000027006b01c20 JavaThread "C2 CompilerThread1" daemon [_thread_blocked, id=5168, stack(0x0000007017900000,0x0000007017a00000)]
  0x0000027006a1d790 JavaThread "Keep-Alive-Timer" daemon [_thread_blocked, id=8248, stack(0x0000007018800000,0x0000007018900000)]
  0x0000027006a1e1b0 JavaThread "Thread-0" daemon [_thread_in_native, id=6188, stack(0x0000007018a00000,0x0000007018b00000)]
  0x0000027006a18180 JavaThread "WebSocketClient-AsyncIO-1" daemon [_thread_in_native, id=1944, stack(0x0000007018b00000,0x0000007018c00000)]
  0x0000027006a1cd70 JavaThread "WebSocketClient-AsyncIO-2" daemon [_thread_in_native, id=1988, stack(0x0000007018c00000,0x0000007018d00000)]
  0x0000027006a1dca0 JavaThread "WebSocketClient-AsyncIO-3" daemon [_thread_in_native, id=9160, stack(0x0000007018d00000,0x0000007018e00000)]
  0x0000027006a1e6c0 JavaThread "WebSocketClient-AsyncIO-4" daemon [_thread_in_native, id=11208, stack(0x0000007018e00000,0x0000007018f00000)]
  0x0000027006a1be40 JavaThread "WebSocketClient-AsyncIO-5" daemon [_thread_in_native, id=2664, stack(0x0000007018f00000,0x0000007019000000)]
  0x0000027006a18690 JavaThread "WebSocketClient-AsyncIO-6" daemon [_thread_in_native, id=10248, stack(0x0000007019000000,0x0000007019100000)]
  0x0000027006a17250 JavaThread "WebSocketClient-AsyncIO-7" daemon [_thread_in_native, id=5948, stack(0x0000007019100000,0x0000007019200000)]
  0x0000027006a17760 JavaThread "WebSocketClient-AsyncIO-8" daemon [_thread_in_native, id=12152, stack(0x0000007019200000,0x0000007019300000)]
  0x0000027006a1d280 JavaThread "WebSocketClient-AsyncIO-9" daemon [_thread_in_native, id=2876, stack(0x0000007019300000,0x0000007019400000)]
  0x0000027006a19ad0 JavaThread "WebSocketClient-AsyncIO-10" daemon [_thread_in_native, id=10768, stack(0x0000007019400000,0x0000007019500000)]
  0x0000027006a1c350 JavaThread "WebSocketClient-AsyncIO-11" daemon [_thread_in_native, id=6784, stack(0x0000007019500000,0x0000007019600000)]
  0x0000027006a17c70 JavaThread "WebSocketClient-AsyncIO-12" daemon [_thread_in_native, id=14196, stack(0x0000007019600000,0x0000007019700000)]
  0x0000027006a195c0 JavaThread "WebSocket background processing" daemon [_thread_blocked, id=15208, stack(0x0000007019700000,0x0000007019800000)]
  0x0000027006a190b0 JavaThread "Thread-14" [_thread_blocked, id=5768, stack(0x0000007018900000,0x0000007018a00000)]
=>0x0000027006a19fe0 JavaThread "Thread-15" [_thread_in_vm, id=7660, stack(0x0000007019800000,0x0000007019900000)]

Other Threads:
  0x0000026fff794da0 VMThread "VM Thread" [stack: 0x0000007014300000,0x0000007014400000] [id=9376]
  0x0000026fc5248b70 WatcherThread [stack: 0x0000007015200000,0x0000007015300000] [id=16352]
  0x0000026fdccfd790 GCTaskThread "GC Thread#0" [stack: 0x0000007013e00000,0x0000007013f00000] [id=13664]
  0x0000026fc7f71190 GCTaskThread "GC Thread#1" [stack: 0x0000007017a00000,0x0000007017b00000] [id=12000]
  0x0000026fc7f71450 GCTaskThread "GC Thread#2" [stack: 0x0000007017b00000,0x0000007017c00000] [id=15752]
  0x0000026fc7f70ed0 GCTaskThread "GC Thread#3" [stack: 0x0000007017c00000,0x0000007017d00000] [id=11936]
  0x0000026fc7f70110 GCTaskThread "GC Thread#4" [stack: 0x0000007017d00000,0x0000007017e00000] [id=2152]
  0x0000026fc7f71710 GCTaskThread "GC Thread#5" [stack: 0x0000007017e00000,0x0000007017f00000] [id=7680]
  0x0000026fc7f71c90 GCTaskThread "GC Thread#6" [stack: 0x0000007017f00000,0x0000007018000000] [id=10616]
  0x0000026fc7f719d0 GCTaskThread "GC Thread#7" [stack: 0x0000007018000000,0x0000007018100000] [id=8360]
  0x0000026fc7f703d0 GCTaskThread "GC Thread#8" [stack: 0x0000007018100000,0x0000007018200000] [id=2624]
  0x0000026fc7f70690 GCTaskThread "GC Thread#9" [stack: 0x0000007018200000,0x0000007018300000] [id=13628]
  0x0000026fdcd0d5f0 ConcurrentGCThread "G1 Main Marker" [stack: 0x0000007013f00000,0x0000007014000000] [id=9112]
  0x0000026fdcd0e7b0 ConcurrentGCThread "G1 Conc#0" [stack: 0x0000007014000000,0x0000007014100000] [id=3508]
  0x0000026fc7f70950 ConcurrentGCThread "G1 Conc#1" [stack: 0x0000007018600000,0x0000007018700000] [id=10284]
  0x0000027006f85970 ConcurrentGCThread "G1 Conc#2" [stack: 0x0000007018700000,0x0000007018800000] [id=16852]
  0x0000026fff650540 ConcurrentGCThread "G1 Refine#0" [stack: 0x0000007014100000,0x0000007014200000] [id=5156]
  0x0000027006ca9530 ConcurrentGCThread "G1 Refine#1" [stack: 0x0000007018300000,0x0000007018400000] [id=8432]
  0x0000027006e1e010 ConcurrentGCThread "G1 Refine#2" [stack: 0x0000007018400000,0x0000007018500000] [id=844]
  0x0000027006c443b0 ConcurrentGCThread "G1 Refine#3" [stack: 0x0000007018500000,0x0000007018600000] [id=15112]
  0x0000026fff650d80 ConcurrentGCThread "G1 Service" [stack: 0x0000007014200000,0x0000007014300000] [id=11520]

Threads with active compile tasks:

VM state: not at safepoint (normal execution)

VM Mutex/Monitor currently owned by a thread: None

Heap address: 0x0000000710e00000, size: 3826 MB, Compressed Oops mode: Zero based, Oop shift amount: 3

CDS archive(s) mapped at: [0x0000026f80000000-0x0000026f80bb0000-0x0000026f80bb0000), size 12255232, SharedBaseAddress: 0x0000026f80000000, ArchiveRelocationMode: 1.
Compressed class space mapped at: 0x0000026f81000000-0x0000026fc1000000, reserved size: 1073741824
Narrow klass base: 0x0000026f80000000, Narrow klass shift: 0, Narrow klass range: 0x100000000

GC Precious Log:
 CPUs: 12 total, 12 available
 Memory: 15297M
 Large Page Support: Disabled
 NUMA Support: Disabled
 Compressed Oops: Enabled (Zero based)
 Heap Region Size: 2M
 Heap Min Capacity: 8M
 Heap Initial Capacity: 240M
 Heap Max Capacity: 3826M
 Pre-touch: Disabled
 Parallel Workers: 10
 Concurrent Workers: 3
 Concurrent Refinement Workers: 10
 Periodic GC: Disabled

Heap:
 garbage-first heap   total 40960K, used 22684K [0x0000000710e00000, 0x0000000800000000)
  region size 2048K, 9 young (18432K), 1 survivors (2048K)
 Metaspace       used 22621K, committed 22912K, reserved 1114112K
  class space    used 2662K, committed 2816K, reserved 1048576K

Heap Regions: E=young(eden), S=young(survivor), O=old, HS=humongous(starts), HC=humongous(continues), CS=collection set, F=free, OA=open archive, CA=closed archive, TAMS=top-at-mark-start (previous, next)
|   0|0x0000000710e00000, 0x0000000711000000, 0x0000000711000000|100%| O|  |TAMS 0x0000000711000000, 0x0000000710e00000| Untracked 
|   1|0x0000000711000000, 0x0000000711200000, 0x0000000711200000|100%| O|  |TAMS 0x00000007110b1600, 0x0000000711000000| Untracked 
|   2|0x0000000711200000, 0x0000000711400000, 0x0000000711400000|100%| O|  |TAMS 0x0000000711200000, 0x0000000711200000| Untracked 
|   3|0x0000000711400000, 0x00000007114f8200, 0x0000000711600000| 48%| O|  |TAMS 0x0000000711400000, 0x0000000711400000| Complete 
|   4|0x0000000711600000, 0x0000000711600000, 0x0000000711800000|  0%| F|  |TAMS 0x0000000711600000, 0x0000000711600000| Untracked 
|   5|0x0000000711800000, 0x0000000711800000, 0x0000000711a00000|  0%| F|  |TAMS 0x0000000711800000, 0x0000000711800000| Untracked 
|   6|0x0000000711a00000, 0x0000000711a00000, 0x0000000711c00000|  0%| F|  |TAMS 0x0000000711a00000, 0x0000000711a00000| Untracked 
|   7|0x0000000711c00000, 0x0000000711c00000, 0x0000000711e00000|  0%| F|  |TAMS 0x0000000711c00000, 0x0000000711c00000| Untracked 
|   8|0x0000000711e00000, 0x0000000711e00000, 0x0000000712000000|  0%| F|  |TAMS 0x0000000711e00000, 0x0000000711e00000| Untracked 
|   9|0x0000000712000000, 0x0000000712000000, 0x0000000712200000|  0%| F|  |TAMS 0x0000000712000000, 0x0000000712000000| Untracked 
|  10|0x0000000712200000, 0x0000000712200000, 0x0000000712400000|  0%| F|  |TAMS 0x0000000712200000, 0x0000000712200000| Untracked 
|  11|0x0000000712400000, 0x0000000712400800, 0x0000000712600000|  0%| E|  |TAMS 0x0000000712400000, 0x0000000712400000| Complete 
|  12|0x0000000712600000, 0x0000000712800000, 0x0000000712800000|100%| E|CS|TAMS 0x0000000712600000, 0x0000000712600000| Complete 
|  13|0x0000000712800000, 0x0000000712a00000, 0x0000000712a00000|100%| E|CS|TAMS 0x0000000712800000, 0x0000000712800000| Complete 
|  14|0x0000000712a00000, 0x0000000712c00000, 0x0000000712c00000|100%| E|CS|TAMS 0x0000000712a00000, 0x0000000712a00000| Complete 
|  15|0x0000000712c00000, 0x0000000712e00000, 0x0000000712e00000|100%| E|CS|TAMS 0x0000000712c00000, 0x0000000712c00000| Complete 
|  16|0x0000000712e00000, 0x0000000713000000, 0x0000000713000000|100%| E|CS|TAMS 0x0000000712e00000, 0x0000000712e00000| Complete 
|  17|0x0000000713000000, 0x0000000713200000, 0x0000000713200000|100%| E|CS|TAMS 0x0000000713000000, 0x0000000713000000| Complete 
| 105|0x000000071e000000, 0x000000071e12f0f0, 0x000000071e200000| 59%| S|CS|TAMS 0x000000071e000000, 0x000000071e000000| Complete 
| 119|0x000000071fc00000, 0x000000071fe00000, 0x000000071fe00000|100%| E|CS|TAMS 0x000000071fc00000, 0x000000071fc00000| Complete 

Card table byte_map: [0x0000026ff4480000,0x0000026ff4c00000] _byte_map_base: 0x0000026ff0bf9000

Marking Bits (Prev, Next): (CMBitMap*) 0x0000026fdccfddf0, (CMBitMap*) 0x0000026fdccfddb0
 Prev Bits: [0x0000026ff8f50000, 0x0000026ffcb18000)
 Next Bits: [0x0000026ff5380000, 0x0000026ff8f48000)

Polling page: 0x0000026fdc450000

Metaspace:

Usage:
  Non-class:     19.49 MB used.
      Class:      2.60 MB used.
       Both:     22.09 MB used.

Virtual space:
  Non-class space:       64.00 MB reserved,      19.62 MB ( 31%) committed,  1 nodes.
      Class space:        1.00 GB reserved,       2.75 MB ( <1%) committed,  1 nodes.
             Both:        1.06 GB reserved,      22.38 MB (  2%) committed. 

Chunk freelists:
   Non-Class:  11.95 MB
       Class:  13.11 MB
        Both:  25.06 MB

MaxMetaspaceSize: unlimited
CompressedClassSpaceSize: 1.00 GB
Initial GC threshold: 21.00 MB
Current GC threshold: 35.25 MB
CDS: on
MetaspaceReclaimPolicy: balanced
 - commit_granule_bytes: 65536.
 - commit_granule_words: 8192.
 - virtual_space_node_default_size: 8388608.
 - enlarge_chunks_in_place: 1.
 - new_chunks_are_fully_committed: 0.
 - uncommit_free_chunks: 1.
 - use_allocation_guard: 0.
 - handle_deallocations: 1.


Internal statistics:

num_allocs_failed_limit: 3.
num_arena_births: 302.
num_arena_deaths: 0.
num_vsnodes_births: 2.
num_vsnodes_deaths: 0.
num_space_committed: 358.
num_space_uncommitted: 0.
num_chunks_returned_to_freelist: 3.
num_chunks_taken_from_freelist: 687.
num_chunk_merges: 0.
num_chunk_splits: 455.
num_chunks_enlarged: 305.
num_inconsistent_stats: 0.

CodeHeap 'non-profiled nmethods': size=120000Kb used=737Kb max_used=737Kb free=119263Kb
 bounds [0x0000026fec280000, 0x0000026fec4f0000, 0x0000026ff37b0000]
CodeHeap 'profiled nmethods': size=120000Kb used=4084Kb max_used=4084Kb free=115915Kb
 bounds [0x0000026fe47b0000, 0x0000026fe4bb0000, 0x0000026febce0000]
CodeHeap 'non-nmethods': size=5760Kb used=1377Kb max_used=1393Kb free=4382Kb
 bounds [0x0000026febce0000, 0x0000026febf50000, 0x0000026fec280000]
 total_blobs=2921 nmethods=2188 adapters=645
 compilation: enabled
              stopped_count=0, restarted_count=0
 full_count=0

Compilation events (20 events):
Event: 3.427 Thread 0x0000026fff8f0090 2180       3       java.io.ObjectInputStream$PeekInputStream::peek (49 bytes)
Event: 3.427 Thread 0x0000026fff8f0090 nmethod 2180 0x0000026fe4ba9d90 code [0x0000026fe4ba9f40, 0x0000026fe4baa208]
Event: 3.437 Thread 0x0000026fff8f0090 2181       3       java.io.ObjectInputStream$BlockDataInputStream::readByte (20 bytes)
Event: 3.437 Thread 0x0000026fff8f0090 nmethod 2181 0x0000026fe4baa310 code [0x0000026fe4baa4c0, 0x0000026fe4baa738]
Event: 3.437 Thread 0x0000026fff8f0090 2182       3       java.io.ObjectInputStream$BlockDataInputStream::read (62 bytes)
Event: 3.437 Thread 0x0000026fff8f0090 nmethod 2182 0x0000026fe4baa890 code [0x0000026fe4baaa60, 0x0000026fe4baad58]
Event: 3.437 Thread 0x0000026fff8f0090 2183       3       java.io.ObjectInputStream$PeekInputStream::read (47 bytes)
Event: 3.437 Thread 0x0000026fff8f0090 nmethod 2183 0x0000026fe4baae90 code [0x0000026fe4bab040, 0x0000026fe4bab308]
Event: 3.437 Thread 0x0000026fff8f0090 2187       3       java.io.ObjectStreamField::getTypeCode (9 bytes)
Event: 3.437 Thread 0x0000026fff8f0090 nmethod 2187 0x0000026fe4bab410 code [0x0000026fe4bab620, 0x0000026fe4babbc8]
Event: 3.437 Thread 0x0000026fff8f0090 2185   !   3       java.io.ObjectOutputStream::writeObject (38 bytes)
Event: 3.438 Thread 0x0000026fff8f0090 nmethod 2185 0x0000026fe4babe10 code [0x0000026fe4babfe0, 0x0000026fe4bac338]
Event: 3.438 Thread 0x0000026fff8f0090 2184       3       java.io.ObjectOutputStream$BlockDataOutputStream::writeUTF (46 bytes)
Event: 3.438 Thread 0x0000026fff8f0090 nmethod 2184 0x0000026fe4bac490 code [0x0000026fe4bac680, 0x0000026fe4bacab8]
Event: 3.438 Thread 0x0000026fff8f0090 2186       1       java.io.ObjectStreamField::isUnshared (5 bytes)
Event: 3.438 Thread 0x0000026fff8f0090 nmethod 2186 0x0000026fec337d90 code [0x0000026fec337f20, 0x0000026fec337ff8]
Event: 3.574 Thread 0x0000027006b01c20 2188       4       java.util.ArrayList::get (15 bytes)
Event: 3.574 Thread 0x0000026fff8f0090 2189       3       java.util.HashSet::remove (20 bytes)
Event: 3.574 Thread 0x0000026fff8f0090 nmethod 2189 0x0000026fe4bacc90 code [0x0000026fe4bace40, 0x0000026fe4bad088]
Event: 3.574 Thread 0x0000027006b01c20 nmethod 2188 0x0000026fec338090 code [0x0000026fec338200, 0x0000026fec3382f8]

GC Heap History (4 events):
Event: 3.079 GC heap before
{Heap before GC invocations=0 (full 0):
 garbage-first heap   total 245760K, used 22528K [0x0000000710e00000, 0x0000000800000000)
  region size 2048K, 11 young (22528K), 0 survivors (0K)
 Metaspace       used 14836K, committed 15040K, reserved 1114112K
  class space    used 1760K, committed 1856K, reserved 1048576K
}
Event: 3.082 GC heap after
{Heap after GC invocations=1 (full 0):
 garbage-first heap   total 245760K, used 6853K [0x0000000710e00000, 0x0000000800000000)
  region size 2048K, 2 young (4096K), 2 survivors (4096K)
 Metaspace       used 14836K, committed 15040K, reserved 1114112K
  class space    used 1760K, committed 1856K, reserved 1048576K
}
Event: 3.262 GC heap before
{Heap before GC invocations=1 (full 0):
 garbage-first heap   total 245760K, used 29381K [0x0000000710e00000, 0x0000000800000000)
  region size 2048K, 14 young (28672K), 2 survivors (4096K)
 Metaspace       used 21269K, committed 21504K, reserved 1114112K
  class space    used 2480K, committed 2624K, reserved 1048576K
}
Event: 3.264 GC heap after
{Heap after GC invocations=2 (full 0):
 garbage-first heap   total 245760K, used 8348K [0x0000000710e00000, 0x0000000800000000)
  region size 2048K, 1 young (2048K), 1 survivors (2048K)
 Metaspace       used 21269K, committed 21504K, reserved 1114112K
  class space    used 2480K, committed 2624K, reserved 1048576K
}

Dll operation events (16 events):
Event: 0.004 Loaded shared library C:\Program Files\Java\corretto-17.0.11\bin\java.dll
Event: 0.013 Loaded shared library C:\Program Files\Java\corretto-17.0.11\bin\jsvml.dll
Event: 0.061 Loaded shared library C:\Program Files\Java\corretto-17.0.11\bin\zip.dll
Event: 0.062 Loaded shared library C:\Program Files\Java\corretto-17.0.11\bin\instrument.dll
Event: 0.065 Loaded shared library C:\Program Files\Java\corretto-17.0.11\bin\net.dll
Event: 0.065 Loaded shared library C:\Program Files\Java\corretto-17.0.11\bin\nio.dll
Event: 0.067 Loaded shared library C:\Program Files\Java\corretto-17.0.11\bin\zip.dll
Event: 0.086 Loaded shared library C:\Program Files\Java\corretto-17.0.11\bin\jimage.dll
Event: 0.096 Loaded shared library C:\Program Files\JetBrains\IntelliJ IDEA 2024.3.3\bin\breakgen64.dll
Event: 0.102 Loaded shared library C:\Program Files\Java\corretto-17.0.11\bin\extnet.dll
Event: 0.107 Loaded shared library C:\Program Files\Java\corretto-17.0.11\bin\management.dll
Event: 0.109 Loaded shared library C:\Program Files\Java\corretto-17.0.11\bin\awt.dll
Event: 0.112 Loaded shared library C:\Program Files\Java\corretto-17.0.11\bin\management_ext.dll
Event: 0.228 Loaded shared library C:\Windows\System32\dpuareu_jni.dll
Event: 0.336 Loaded shared library C:\Program Files\Java\corretto-17.0.11\bin\freetype.dll
Event: 0.337 Loaded shared library C:\Program Files\Java\corretto-17.0.11\bin\fontmanager.dll

Deoptimization events (20 events):
Event: 3.064 Thread 0x0000026fc5461e30 Uncommon trap: trap_request=0xffffff45 fr.pc=0x0000026fec30bc88 relative=0x0000000000000268
Event: 3.064 Thread 0x0000026fc5461e30 Uncommon trap: reason=unstable_if action=reinterpret pc=0x0000026fec30bc88 method=java.io.BufferedReader.read()I @ 19 c2
Event: 3.064 Thread 0x0000026fc5461e30 DEOPT PACKING pc=0x0000026fec30bc88 sp=0x00000070156fb360
Event: 3.064 Thread 0x0000026fc5461e30 DEOPT UNPACKING pc=0x0000026febd369a3 sp=0x00000070156fb2a0 mode 2
Event: 3.064 Thread 0x0000026fc5461e30 Uncommon trap: trap_request=0xffffff45 fr.pc=0x0000026fec30b698 relative=0x0000000000000278
Event: 3.064 Thread 0x0000026fc5461e30 Uncommon trap: reason=unstable_if action=reinterpret pc=0x0000026fec30b698 method=java.io.BufferedReader.read()I @ 19 c2
Event: 3.064 Thread 0x0000026fc5461e30 DEOPT PACKING pc=0x0000026fec30b698 sp=0x00000070156fb250
Event: 3.064 Thread 0x0000026fc5461e30 DEOPT UNPACKING pc=0x0000026febd369a3 sp=0x00000070156fb208 mode 2
Event: 3.067 Thread 0x0000026fc5461e30 DEOPT PACKING pc=0x0000026fe48db865 sp=0x00000070156f8110
Event: 3.067 Thread 0x0000026fc5461e30 DEOPT UNPACKING pc=0x0000026febd37143 sp=0x00000070156f7560 mode 0
Event: 3.070 Thread 0x0000026fc5461e30 DEOPT PACKING pc=0x0000026fe48db865 sp=0x00000070156fb7f0
Event: 3.070 Thread 0x0000026fc5461e30 DEOPT UNPACKING pc=0x0000026febd37143 sp=0x00000070156fac40 mode 0
Event: 3.083 Thread 0x0000026fc5461e30 DEOPT PACKING pc=0x0000026fe47e7268 sp=0x00000070156fb230
Event: 3.083 Thread 0x0000026fc5461e30 DEOPT UNPACKING pc=0x0000026febd37143 sp=0x00000070156fa6c0 mode 0
Event: 3.102 Thread 0x0000026fc5461e30 Uncommon trap: trap_request=0xffffff6e fr.pc=0x0000026fec30e9b8 relative=0x0000000000000418
Event: 3.102 Thread 0x0000026fc5461e30 Uncommon trap: reason=loop_limit_check action=maybe_recompile pc=0x0000026fec30e9b8 method=java.lang.StringLatin1.indexOf([BI[BII)I @ 37 c2
Event: 3.103 Thread 0x0000026fc5461e30 DEOPT PACKING pc=0x0000026fec30e9b8 sp=0x00000070156fc460
Event: 3.103 Thread 0x0000026fc5461e30 DEOPT UNPACKING pc=0x0000026febd369a3 sp=0x00000070156fc3c0 mode 2
Event: 3.169 Thread 0x0000026fc5461e30 DEOPT PACKING pc=0x0000026fe4a5d0c8 sp=0x00000070156faf50
Event: 3.169 Thread 0x0000026fc5461e30 DEOPT UNPACKING pc=0x0000026febd37143 sp=0x00000070156fa468 mode 0

Classes unloaded (0 events):
No events

Classes redefined (0 events):
No events

Internal exceptions (20 events):
Event: 3.220 Thread 0x0000026fc5461e30 Exception <a 'java/lang/NoSuchMethodError'{0x000000071eb46158}: 'java.lang.Object java.lang.invoke.DirectMethodHandle$Holder.invokeStaticInit(java.lang.Object, java.lang.Object, java.lang.Object)'> (0x000000071eb46158) 
thrown [s\src\hotspot\share\interpreter\linkResolver.cpp, line 759]
Event: 3.224 Thread 0x0000026fc5461e30 Exception <a 'java/lang/NoSuchMethodError'{0x000000071eb8c2d0}: 'long java.lang.invoke.DirectMethodHandle$Holder.invokeSpecial(java.lang.Object, java.lang.Object)'> (0x000000071eb8c2d0) 
thrown [s\src\hotspot\share\interpreter\linkResolver.cpp, line 759]
Event: 3.225 Thread 0x0000026fc5461e30 Exception <a 'java/lang/NoSuchMethodError'{0x000000071eb97980}: 'long java.lang.invoke.DirectMethodHandle$Holder.invokeStatic(java.lang.Object, java.lang.Object)'> (0x000000071eb97980) 
thrown [s\src\hotspot\share\interpreter\linkResolver.cpp, line 759]
Event: 3.225 Thread 0x0000026fc5461e30 Exception <a 'java/lang/NoSuchMethodError'{0x000000071eb9b228}: 'long java.lang.invoke.DirectMethodHandle$Holder.invokeStaticInit(java.lang.Object, java.lang.Object)'> (0x000000071eb9b228) 
thrown [s\src\hotspot\share\interpreter\linkResolver.cpp, line 759]
Event: 3.226 Thread 0x0000026fc5461e30 Exception <a 'java/lang/NoSuchMethodError'{0x000000071eba8ff8}: 'long java.lang.invoke.DirectMethodHandle$Holder.invokeInterface(java.lang.Object, java.lang.Object)'> (0x000000071eba8ff8) 
thrown [s\src\hotspot\share\interpreter\linkResolver.cpp, line 759]
Event: 3.226 Thread 0x0000026fc5461e30 Exception <a 'java/lang/IncompatibleClassChangeError'{0x000000071ebac830}: Found class java.lang.Object, but interface was expected> (0x000000071ebac830) 
thrown [s\src\hotspot\share\interpreter\linkResolver.cpp, line 826]
Event: 3.228 Thread 0x0000026fc5461e30 Exception <a 'java/lang/NoSuchMethodError'{0x000000071ebc5e88}: 'java.lang.Object java.lang.invoke.DirectMethodHandle$Holder.invokeVirtual(java.lang.Object, java.lang.Object, java.lang.Object, java.lang.Object)'> (0x000000071ebc5e88) 
thrown [s\src\hotspot\share\interpreter\linkResolver.cpp, line 759]
Event: 3.240 Thread 0x0000026fc5461e30 Exception <a 'java/lang/NoSuchMethodError'{0x000000071e905e30}: 'void java.lang.invoke.DirectMethodHandle$Holder.invokeStatic(java.lang.Object, java.lang.Object, java.lang.Object, java.lang.Object)'> (0x000000071e905e30) 
thrown [s\src\hotspot\share\interpreter\linkResolver.cpp, line 759]
Event: 3.253 Thread 0x0000026fc5461e30 Exception <a 'java/lang/NoSuchMethodError'{0x000000071e252368}: 'java.lang.Object java.lang.invoke.DirectMethodHandle$Holder.invokeSpecialIFC(java.lang.Object, java.lang.Object, java.lang.Object, java.lang.Object)'> (0x000000071e252368) 
thrown [s\src\hotspot\share\interpreter\linkResolver.cpp, line 759]
Event: 3.278 Thread 0x0000026fc5461e30 Exception <a 'java/lang/NoSuchMethodError'{0x000000071fccc938}: 'java.lang.Object java.lang.invoke.DirectMethodHandle$Holder.newInvokeSpecial(java.lang.Object, java.lang.Object, java.lang.Object, java.lang.Object, java.lang.Object, java.lang.Object)'> (0x000000071fccc938) 
thrown [s\src\hotspot\share\interpreter\linkResolver.cpp, line 759]
Event: 4.371 Thread 0x0000027006a19fe0 Exception <a 'java/lang/NoSuchFieldError'{0x00000007126a6b90}: com.digitalpersona.uareu.jni.Dpfpdd$IntReference.m_data [B> (0x00000007126a6b90) 
thrown [s\src\hotspot\share\prims\jni.cpp, line 1776]
Event: 4.371 Thread 0x0000027006a19fe0 Exception <a 'java/lang/NoSuchFieldError'{0x00000007126a6ec8}: com.digitalpersona.uareu.jni.Dpfpdd$IntReference.cbeff_id I> (0x00000007126a6ec8) 
thrown [s\src\hotspot\share\prims\jni.cpp, line 1776]
Event: 4.371 Thread 0x0000027006a19fe0 Exception <a 'java/lang/NoSuchFieldError'{0x00000007126a7208}: com.digitalpersona.uareu.jni.Dpfpdd$IntReference.capture_device_id I> (0x00000007126a7208) 
thrown [s\src\hotspot\share\prims\jni.cpp, line 1776]
Event: 4.371 Thread 0x0000027006a19fe0 Exception <a 'java/lang/NoSuchFieldError'{0x00000007126a7548}: com.digitalpersona.uareu.jni.Dpfpdd$IntReference.acquisition_level I> (0x00000007126a7548) 
thrown [s\src\hotspot\share\prims\jni.cpp, line 1776]
Event: 4.371 Thread 0x0000027006a19fe0 Exception <a 'java/lang/NoSuchFieldError'{0x00000007126a7880}: com.digitalpersona.uareu.jni.Dpfpdd$IntReference.scale_units I> (0x00000007126a7880) 
thrown [s\src\hotspot\share\prims\jni.cpp, line 1776]
Event: 4.371 Thread 0x0000027006a19fe0 Exception <a 'java/lang/NoSuchFieldError'{0x00000007126a7bc0}: com.digitalpersona.uareu.jni.Dpfpdd$IntReference.scan_resolution I> (0x00000007126a7bc0) 
thrown [s\src\hotspot\share\prims\jni.cpp, line 1776]
Event: 4.371 Thread 0x0000027006a19fe0 Exception <a 'java/lang/NoSuchFieldError'{0x00000007126a7f00}: com.digitalpersona.uareu.jni.Dpfpdd$IntReference.image_resolution I> (0x00000007126a7f00) 
thrown [s\src\hotspot\share\prims\jni.cpp, line 1776]
Event: 4.371 Thread 0x0000027006a19fe0 Exception <a 'java/lang/NoSuchFieldError'{0x00000007126a8230}: com.digitalpersona.uareu.jni.Dpfpdd$IntReference.bpp I> (0x00000007126a8230) 
thrown [s\src\hotspot\share\prims\jni.cpp, line 1776]
Event: 4.371 Thread 0x0000027006a19fe0 Exception <a 'java/lang/NoSuchFieldError'{0x00000007126a8568}: com.digitalpersona.uareu.jni.Dpfpdd$IntReference.compression I> (0x00000007126a8568) 
thrown [s\src\hotspot\share\prims\jni.cpp, line 1776]
Event: 4.371 Thread 0x0000027006a19fe0 Exception <a 'java/lang/NoSuchFieldError'{0x00000007126a88d0}: com.digitalpersona.uareu.jni.Dpfpdd$IntReference.m_views [Lcom/digitalpersona/uareu/dpfpdd/FidImpl$FivImpl;> (0x00000007126a88d0) 
thrown [s\src\hotspot\share\prims\jni.cpp, line 1776]

VM Operations (20 events):
Event: 3.099 Executing VM operation: HandshakeAllThreads
Event: 3.099 Executing VM operation: HandshakeAllThreads done
Event: 3.255 Executing VM operation: HandshakeAllThreads
Event: 3.255 Executing VM operation: HandshakeAllThreads done
Event: 3.262 Executing VM operation: CollectForMetadataAllocation
Event: 3.264 Executing VM operation: CollectForMetadataAllocation done
Event: 3.267 Executing VM operation: HandshakeAllThreads
Event: 3.267 Executing VM operation: HandshakeAllThreads done
Event: 3.267 Executing VM operation: HandshakeAllThreads
Event: 3.267 Executing VM operation: HandshakeAllThreads done
Event: 3.267 Executing VM operation: G1PauseRemark
Event: 3.268 Executing VM operation: G1PauseRemark done
Event: 3.269 Executing VM operation: G1PauseCleanup
Event: 3.269 Executing VM operation: G1PauseCleanup done
Event: 3.271 Executing VM operation: HandshakeAllThreads
Event: 3.271 Executing VM operation: HandshakeAllThreads done
Event: 3.336 Executing VM operation: HandshakeAllThreads
Event: 3.336 Executing VM operation: HandshakeAllThreads done
Event: 4.336 Executing VM operation: Cleanup
Event: 4.336 Executing VM operation: Cleanup done

Events (20 events):
Event: 3.304 loading class sun/security/provider/SecureRandom
Event: 3.304 loading class sun/security/provider/SecureRandom done
Event: 3.304 loading class sun/security/provider/SecureRandom$SeederHolder
Event: 3.304 loading class sun/security/provider/SecureRandom$SeederHolder done
Event: 3.319 loading class java/util/OptionalLong
Event: 3.319 loading class java/util/OptionalLong done
Event: 3.319 loading class java/util/OptionalDouble
Event: 3.319 loading class java/util/OptionalDouble done
Event: 3.328 loading class java/util/concurrent/LinkedBlockingQueue$Itr
Event: 3.328 loading class java/util/concurrent/LinkedBlockingQueue$Itr done
Event: 3.329 loading class sun/nio/ch/CompletedFuture
Event: 3.329 loading class sun/nio/ch/CompletedFuture done
Event: 3.333 Thread 0x0000027006a190b0 Thread added: 0x0000027006a190b0
Event: 3.334 loading class java/lang/UnsatisfiedLinkError
Event: 3.334 loading class java/lang/UnsatisfiedLinkError done
Event: 3.336 Thread 0x0000027006a19fe0 Thread added: 0x0000027006a19fe0
Event: 3.337 loading class java/awt/EventQueue$1AWTInvocationLock
Event: 3.337 loading class java/awt/EventQueue$1AWTInvocationLock done
Event: 3.348 loading class javax/swing/text/AbstractDocument$ElementEdit
Event: 3.348 loading class javax/swing/text/AbstractDocument$ElementEdit done


Dynamic libraries:
0x00007ff646b50000 - 0x00007ff646b5e000 	C:\Program Files\Java\corretto-17.0.11\bin\java.exe
0x00007ffda5270000 - 0x00007ffda5468000 	C:\Windows\SYSTEM32\ntdll.dll
0x00007ffda45c0000 - 0x00007ffda4682000 	C:\Windows\System32\KERNEL32.DLL
0x00007ffda2e70000 - 0x00007ffda316f000 	C:\Windows\System32\KERNELBASE.dll
0x00007ffda2910000 - 0x00007ffda2a10000 	C:\Windows\System32\ucrtbase.dll
0x00007ffd93b80000 - 0x00007ffd93b97000 	C:\Program Files\Java\corretto-17.0.11\bin\jli.dll
0x00007ffd91dc0000 - 0x00007ffd91ddb000 	C:\Program Files\Java\corretto-17.0.11\bin\VCRUNTIME140.dll
0x00007ffda4920000 - 0x00007ffda4abd000 	C:\Windows\System32\USER32.dll
0x00007ffda2db0000 - 0x00007ffda2dd2000 	C:\Windows\System32\win32u.dll
0x00007ffda3a80000 - 0x00007ffda3aab000 	C:\Windows\System32\GDI32.dll
0x00007ffd8f2a0000 - 0x00007ffd8f53a000 	C:\Windows\WinSxS\amd64_microsoft.windows.common-controls_6595b64144ccf1df_6.0.19041.4355_none_60b8b9eb71f62e16\COMCTL32.dll
0x00007ffda3170000 - 0x00007ffda328a000 	C:\Windows\System32\gdi32full.dll
0x00007ffda2a10000 - 0x00007ffda2aad000 	C:\Windows\System32\msvcp_win.dll
0x00007ffda4520000 - 0x00007ffda45be000 	C:\Windows\System32\msvcrt.dll
0x00007ffda48d0000 - 0x00007ffda48ff000 	C:\Windows\System32\IMM32.DLL
0x00007ffd9ef50000 - 0x00007ffd9ef5c000 	C:\Program Files\Java\corretto-17.0.11\bin\vcruntime140_1.dll
0x00007ffd8d4e0000 - 0x00007ffd8d56d000 	C:\Program Files\Java\corretto-17.0.11\bin\msvcp140.dll
0x00007ffd20aa0000 - 0x00007ffd21702000 	C:\Program Files\Java\corretto-17.0.11\bin\server\jvm.dll
0x00007ffda38d0000 - 0x00007ffda397f000 	C:\Windows\System32\ADVAPI32.dll
0x00007ffda3980000 - 0x00007ffda3a1f000 	C:\Windows\System32\sechost.dll
0x00007ffda4740000 - 0x00007ffda4863000 	C:\Windows\System32\RPCRT4.dll
0x00007ffda2ab0000 - 0x00007ffda2ad7000 	C:\Windows\System32\bcrypt.dll
0x00007ffd944d0000 - 0x00007ffd944d9000 	C:\Windows\SYSTEM32\WSOCK32.dll
0x00007ffda2360000 - 0x00007ffda23ab000 	C:\Windows\SYSTEM32\POWRPROF.dll
0x00007ffda3d40000 - 0x00007ffda3dab000 	C:\Windows\System32\WS2_32.dll
0x00007ffd9ce20000 - 0x00007ffd9ce47000 	C:\Windows\SYSTEM32\WINMM.dll
0x00007ffd9cee0000 - 0x00007ffd9ceea000 	C:\Windows\SYSTEM32\VERSION.dll
0x00007ffda2300000 - 0x00007ffda2312000 	C:\Windows\SYSTEM32\UMPDC.dll
0x00007ffda07b0000 - 0x00007ffda07c2000 	C:\Windows\SYSTEM32\kernel.appcore.dll
0x00007ffd93ad0000 - 0x00007ffd93ada000 	C:\Program Files\Java\corretto-17.0.11\bin\jimage.dll
0x00007ffd9c420000 - 0x00007ffd9c604000 	C:\Windows\SYSTEM32\DBGHELP.DLL
0x00007ffd937a0000 - 0x00007ffd937d4000 	C:\Windows\SYSTEM32\dbgcore.DLL
0x00007ffda2de0000 - 0x00007ffda2e62000 	C:\Windows\System32\bcryptPrimitives.dll
0x00007ffd8d6b0000 - 0x00007ffd8d6be000 	C:\Program Files\Java\corretto-17.0.11\bin\instrument.dll
0x00007ffd8dac0000 - 0x00007ffd8dae5000 	C:\Program Files\Java\corretto-17.0.11\bin\java.dll
0x00007ffd43260000 - 0x00007ffd43337000 	C:\Program Files\Java\corretto-17.0.11\bin\jsvml.dll
0x00007ffda4ac0000 - 0x00007ffda522d000 	C:\Windows\System32\SHELL32.dll
0x00007ffda09b0000 - 0x00007ffda1154000 	C:\Windows\SYSTEM32\windows.storage.dll
0x00007ffda33b0000 - 0x00007ffda3705000 	C:\Windows\System32\combase.dll
0x00007ffda22d0000 - 0x00007ffda22ff000 	C:\Windows\SYSTEM32\Wldp.dll
0x00007ffda3ab0000 - 0x00007ffda3b7d000 	C:\Windows\System32\OLEAUT32.dll
0x00007ffda3300000 - 0x00007ffda33ad000 	C:\Windows\System32\SHCORE.dll
0x00007ffda3db0000 - 0x00007ffda3e05000 	C:\Windows\System32\shlwapi.dll
0x00007ffda2840000 - 0x00007ffda2864000 	C:\Windows\SYSTEM32\profapi.dll
0x00007ffd8da80000 - 0x00007ffd8da98000 	C:\Program Files\Java\corretto-17.0.11\bin\zip.dll
0x00007ffd8dd00000 - 0x00007ffd8dd19000 	C:\Program Files\Java\corretto-17.0.11\bin\net.dll
0x00007ffd9d480000 - 0x00007ffd9d58a000 	C:\Windows\SYSTEM32\WINHTTP.dll
0x00007ffda1fd0000 - 0x00007ffda203c000 	C:\Windows\system32\mswsock.dll
0x00007ffd8daa0000 - 0x00007ffd8dab6000 	C:\Program Files\Java\corretto-17.0.11\bin\nio.dll
0x00007ffd8d2f0000 - 0x00007ffd8d30a000 	C:\Program Files\JetBrains\IntelliJ IDEA 2024.3.3\bin\breakgen64.dll
0x00007ffd91db0000 - 0x00007ffd91db9000 	C:\Program Files\Java\corretto-17.0.11\bin\extnet.dll
0x00007ffda1cf0000 - 0x00007ffda1dba000 	C:\Windows\SYSTEM32\DNSAPI.dll
0x00007ffda1cb0000 - 0x00007ffda1ceb000 	C:\Windows\SYSTEM32\IPHLPAPI.DLL
0x00007ffda32f0000 - 0x00007ffda32f8000 	C:\Windows\System32\NSI.dll
0x00007ffd9cea0000 - 0x00007ffd9ceaa000 	C:\Windows\System32\rasadhlp.dll
0x00007ffd9b2c0000 - 0x00007ffd9b340000 	C:\Windows\System32\fwpuclnt.dll
0x00007ffd8d6a0000 - 0x00007ffd8d6a9000 	C:\Program Files\Java\corretto-17.0.11\bin\management.dll
0x00007ffd227f0000 - 0x00007ffd22980000 	C:\Program Files\Java\corretto-17.0.11\bin\awt.dll
0x00007ffd9fad0000 - 0x00007ffd9fb64000 	C:\Windows\SYSTEM32\apphelp.dll
0x00007ffd8c090000 - 0x00007ffd8c09b000 	C:\Program Files\Java\corretto-17.0.11\bin\management_ext.dll
0x00007ffda43b0000 - 0x00007ffda43b8000 	C:\Windows\System32\PSAPI.DLL
0x00007ffda02c0000 - 0x00007ffda035e000 	C:\Windows\system32\uxtheme.dll
0x00007ffda4290000 - 0x00007ffda43a5000 	C:\Windows\System32\MSCTF.dll
0x00007ffda37a0000 - 0x00007ffda38cb000 	C:\Windows\System32\ole32.dll
0x00007ffda04b0000 - 0x00007ffda04df000 	C:\Windows\system32\DWMAPI.DLL
0x00007ffda2220000 - 0x00007ffda2238000 	C:\Windows\SYSTEM32\CRYPTSP.dll
0x00007ffda18f0000 - 0x00007ffda1924000 	C:\Windows\system32\rsaenh.dll
0x00007ffda27c0000 - 0x00007ffda27ee000 	C:\Windows\SYSTEM32\USERENV.dll
0x00007ffda2240000 - 0x00007ffda224c000 	C:\Windows\SYSTEM32\CRYPTBASE.dll
0x00007ffd9f3d0000 - 0x00007ffd9f3e7000 	C:\Windows\SYSTEM32\dhcpcsvc6.DLL
0x00007ffd9eee0000 - 0x00007ffd9eefd000 	C:\Windows\SYSTEM32\dhcpcsvc.DLL
0x00007ffd68ab0000 - 0x00007ffd68ac7000 	C:\Windows\system32\napinsp.dll
0x00007ffd68a90000 - 0x00007ffd68aab000 	C:\Windows\system32\pnrpnsp.dll
0x00007ffd8c820000 - 0x00007ffd8c835000 	C:\Windows\system32\wshbth.dll
0x00007ffd9ecd0000 - 0x00007ffd9eced000 	C:\Windows\system32\NLAapi.dll
0x00007ffd68a70000 - 0x00007ffd68a82000 	C:\Windows\System32\winrnr.dll
0x00007ffd6acf0000 - 0x00007ffd6ad16000 	C:\Windows\System32\dpuareu_jni.dll
0x00007ffd414b0000 - 0x00007ffd41524000 	C:\Windows\SYSTEM32\dpfj.dll
0x00007ffd69f80000 - 0x00007ffd69fab000 	C:\Windows\SYSTEM32\dpfpdd.dll
0x00007ffd9c280000 - 0x00007ffd9c310000 	C:\Windows\SYSTEM32\DPFPApi.DLL
0x00007ffda2be0000 - 0x00007ffda2d3c000 	C:\Windows\System32\CRYPT32.dll
0x00007ffd9b120000 - 0x00007ffd9b16c000 	C:\Windows\system32\DPCLBACK.dll
0x00007ffd9d390000 - 0x00007ffd9d3a9000 	C:\Windows\SYSTEM32\NETAPI32.dll
0x00007ffda1dc0000 - 0x00007ffda1dcc000 	C:\Windows\SYSTEM32\NETUTILS.DLL
0x00007ffda1b40000 - 0x00007ffda1b73000 	C:\Windows\SYSTEM32\ntmarta.dll
0x00007ffd69500000 - 0x00007ffd69628000 	C:\Windows\system32\opengl32.dll
0x00007ffd8c040000 - 0x00007ffd8c06c000 	C:\Windows\SYSTEM32\GLU32.dll
0x00007ffd64230000 - 0x00007ffd64401000 	C:\Windows\system32\d3d9.dll
0x00007ffd8c070000 - 0x00007ffd8c090000 	C:\Windows\System32\DriverStore\FileRepository\u0410212.inf_amd64_daae2c8b5eb35aaa\B409877\atidx9loader64.dll
0x00007ffd27170000 - 0x00007ffd2ab1e000 	C:\Windows\System32\DriverStore\FileRepository\u0410212.inf_amd64_daae2c8b5eb35aaa\B409877\AMDXN64.DLL
0x00007ffda3e10000 - 0x00007ffda4281000 	C:\Windows\System32\SETUPAPI.dll
0x00007ffda2b90000 - 0x00007ffda2bde000 	C:\Windows\System32\cfgmgr32.dll
0x00007ffda11a0000 - 0x00007ffda1296000 	C:\Windows\SYSTEM32\dxgi.dll
0x00007ffd95d30000 - 0x00007ffd95d69000 	C:\Windows\System32\DriverStore\FileRepository\u0410212.inf_amd64_daae2c8b5eb35aaa\B409877\amdihk64.dll
0x00007ffd94340000 - 0x00007ffd94391000 	C:\Windows\SYSTEM32\pdh.dll
0x00007ffd99f00000 - 0x00007ffd99f3b000 	C:\Windows\SYSTEM32\dxcore.dll
0x00007ffd22760000 - 0x00007ffd227e7000 	C:\Program Files\Java\corretto-17.0.11\bin\freetype.dll
0x00007ffd22670000 - 0x00007ffd22752000 	C:\Program Files\Java\corretto-17.0.11\bin\fontmanager.dll
0x00007ffd85350000 - 0x00007ffd8535f000 	C:\Windows\System32\perfproc.dll
0x00007ffda4690000 - 0x00007ffda4739000 	C:\Windows\System32\clbcatq.dll
0x00007ffda00b0000 - 0x00007ffda0264000 	C:\Windows\SYSTEM32\WindowsCodecs.dll
0x00007ffd8c2a0000 - 0x00007ffd8c2de000 	C:\Windows\system32\dataexchange.dll
0x00007ffd9ea20000 - 0x00007ffd9ec83000 	C:\Windows\system32\d3d11.dll
0x00007ffd9ecf0000 - 0x00007ffd9eed4000 	C:\Windows\system32\dcomp.dll
0x00007ffd9b810000 - 0x00007ffd9ba13000 	C:\Windows\system32\twinapi.appcore.dll
0x00007ffd85340000 - 0x00007ffd8534f000 	C:\Windows\System32\perfos.dll
0x00007ffd910a0000 - 0x00007ffd91199000 	C:\Windows\SYSTEM32\textinputframework.dll
0x00007ffd9f3f0000 - 0x00007ffd9f74b000 	C:\Windows\System32\CoreUIComponents.dll
0x00007ffd9f750000 - 0x00007ffd9f842000 	C:\Windows\System32\CoreMessaging.dll
0x00007ffd9dea0000 - 0x00007ffd9dff7000 	C:\Windows\SYSTEM32\wintypes.dll
0x00007ffda24d0000 - 0x00007ffda24e2000 	C:\Windows\SYSTEM32\MSASN1.dll

dbghelp: loaded successfully - version: 4.0.5 - missing functions: none
symbol engine: initialized successfully - sym options: 0x614 - pdb path: .;C:\Program Files\Java\corretto-17.0.11\bin;C:\Windows\SYSTEM32;C:\Windows\WinSxS\amd64_microsoft.windows.common-controls_6595b64144ccf1df_6.0.19041.4355_none_60b8b9eb71f62e16;C:\Program Files\Java\corretto-17.0.11\bin\server;C:\Program Files\JetBrains\IntelliJ IDEA 2024.3.3\bin;C:\Windows\System32\DriverStore\FileRepository\u0410212.inf_amd64_daae2c8b5eb35aaa\B409877

VM Arguments:
jvm_args: -javaagent:C:\Program Files\JetBrains\IntelliJ IDEA 2024.3.3\lib\idea_rt.jar=53064:C:\Program Files\JetBrains\IntelliJ IDEA 2024.3.3\bin -Dfile.encoding=UTF-8 
java_command: org.Fingerprint.DTECFingerprint
java_class_path (initial): E:\Downloads\Thesis Files\Thesis w Backend\v12\U.are.U-4500-fingerprint-implementation-with-spring-boot-websocket-main\target\classes;C:\Users\CJ\.m2\repository\org\springframework\boot\spring-boot-starter-websocket\3.4.1\spring-boot-starter-websocket-3.4.1.jar;C:\Users\CJ\.m2\repository\org\springframework\boot\spring-boot-starter-web\3.4.1\spring-boot-starter-web-3.4.1.jar;C:\Users\CJ\.m2\repository\org\springframework\boot\spring-boot-starter\3.4.1\spring-boot-starter-3.4.1.jar;C:\Users\CJ\.m2\repository\org\springframework\boot\spring-boot\3.4.1\spring-boot-3.4.1.jar;C:\Users\CJ\.m2\repository\org\springframework\boot\spring-boot-autoconfigure\3.4.1\spring-boot-autoconfigure-3.4.1.jar;C:\Users\CJ\.m2\repository\org\springframework\boot\spring-boot-starter-logging\3.4.1\spring-boot-starter-logging-3.4.1.jar;C:\Users\CJ\.m2\repository\org\apache\logging\log4j\log4j-to-slf4j\2.24.3\log4j-to-slf4j-2.24.3.jar;C:\Users\CJ\.m2\repository\org\apache\logging\log4j\log4j-api\2.24.3\log4j-api-2.24.3.jar;C:\Users\CJ\.m2\repository\org\slf4j\jul-to-slf4j\2.0.16\jul-to-slf4j-2.0.16.jar;C:\Users\CJ\.m2\repository\jakarta\annotation\jakarta.annotation-api\2.1.1\jakarta.annotation-api-2.1.1.jar;C:\Users\CJ\.m2\repository\org\yaml\snakeyaml\2.3\snakeyaml-2.3.jar;C:\Users\CJ\.m2\repository\org\springframework\boot\spring-boot-starter-json\3.4.1\spring-boot-starter-json-3.4.1.jar;C:\Users\CJ\.m2\repository\com\fasterxml\jackson\datatype\jackson-datatype-jdk8\2.18.2\jackson-datatype-jdk8-2.18.2.jar;C:\Users\CJ\.m2\repository\com\fasterxml\jackson\module\jackson-module-parameter-names\2.18.2\jackson-module-parameter-names-2.18.2.jar;C:\Users\CJ\.m2\repository\org\springframework\boot\spring-boot-starter-tomcat\3.4.1\spring-boot-starter-tomcat-3.4.1.jar;C:\Users\CJ\.m2\repository\org\apache\tomcat\embed\tomcat-embed-core\10.1.34\tomcat-embed-core-10.1.34.jar;C:\Users\CJ\.m2\repository\org\apache\tomcat\embed\tomcat-embed-el\10.1.34\tomcat-embed-el-10.1.34.
Launcher Type: SUN_STANDARD

[Global flags]
     intx CICompilerCount                          = 4                                         {product} {ergonomic}
     uint ConcGCThreads                            = 3                                         {product} {ergonomic}
     uint G1ConcRefinementThreads                  = 10                                        {product} {ergonomic}
   size_t G1HeapRegionSize                         = 2097152                                   {product} {ergonomic}
    uintx GCDrainStackTargetSize                   = 64                                        {product} {ergonomic}
   size_t InitialHeapSize                          = 251658240                                 {product} {ergonomic}
   size_t MarkStackSize                            = 4194304                                   {product} {ergonomic}
   size_t MaxHeapSize                              = 4011851776                                {product} {ergonomic}
   size_t MaxNewSize                               = 2405433344                                {product} {ergonomic}
   size_t MinHeapDeltaBytes                        = 2097152                                   {product} {ergonomic}
   size_t MinHeapSize                              = 8388608                                   {product} {ergonomic}
    uintx NonNMethodCodeHeapSize                   = 5839372                                {pd product} {ergonomic}
    uintx NonProfiledCodeHeapSize                  = 122909434                              {pd product} {ergonomic}
    uintx ProfiledCodeHeapSize                     = 122909434                              {pd product} {ergonomic}
    uintx ReservedCodeCacheSize                    = 251658240                              {pd product} {ergonomic}
     bool SegmentedCodeCache                       = true                                      {product} {ergonomic}
   size_t SoftMaxHeapSize                          = 4011851776                             {manageable} {ergonomic}
     bool UseCompressedClassPointers               = true                           {product lp64_product} {ergonomic}
     bool UseCompressedOops                        = true                           {product lp64_product} {ergonomic}
     bool UseG1GC                                  = true                                      {product} {ergonomic}
     bool UseLargePagesIndividualAllocation        = false                                  {pd product} {ergonomic}

Logging:
Log output configuration:
 #0: stdout all=warning uptime,level,tags
 #1: stderr all=off uptime,level,tags

Environment Variables:
JAVA_HOME=C:\Program Files\Java\corretto-17.0.11
PATH=C:\Program Files\Common Files\Oracle\Java\javapath;C:\Windows\system32;C:\Windows;C:\Windows\System32\Wbem;C:\Windows\System32\WindowsPowerShell\v1.0\;C:\Windows\System32\OpenSSH\;C:\Program Files\MySQL\MySQL Server 8.0\bin;C:\Program Files\php-8.4.4;C:\Program Files\nodejs\;C:\Program Files\Java\corretto-17.0.11\bin;C:\Program Files\apache-maven-3.9.9\bin;C:\Users\CJ\AppData\Local\Microsoft\WindowsApps;C:\Users\CJ\AppData\Local\Programs\Microsoft VS Code\bin;C:\Users\CJ\AppData\Roaming\npm;C:\Program Files\JetBrains\IntelliJ IDEA 2024.3.3\bin;
USERNAME=CJ
OS=Windows_NT
PROCESSOR_IDENTIFIER=AMD64 Family 25 Model 33 Stepping 2, AuthenticAMD
TMP=C:\Users\CJ\AppData\Local\Temp
TEMP=C:\Users\CJ\AppData\Local\Temp



Periodic native trim disabled


---------------  S Y S T E M  ---------------

OS:
 Windows 10 , 64 bit Build 19041 (10.0.19041.5438)
OS uptime: 0 days 12:32 hours

CPU: total 12 (initial active 12) (12 cores per cpu, 2 threads per core) family 25 model 33 stepping 2 microcode 0x0, cx8, cmov, fxsr, ht, mmx, 3dnowpref, sse, sse2, sse3, ssse3, sse4a, sse4.1, sse4.2, popcnt, lzcnt, tsc, tscinvbit, avx, avx2, aes, clmul, bmi1, bmi2, adx, sha, fma, vzeroupper, clflush, clflushopt
Processor Information for all 12 processors :
  Max Mhz: 3501, Current Mhz: 3501, Mhz Limit: 3501

Memory: 4k page, system-wide physical 15297M (5411M free)
TotalPageFile size 31681M (AvailPageFile size 16908M)
current process WorkingSet (physical memory assigned to process): 179M, peak: 197M
current process commit charge ("private bytes"): 259M, peak: 458M

vm_info: OpenJDK 64-Bit Server VM (17.0.11+9-LTS) for windows-amd64 JRE (17.0.11+9-LTS), built on Apr 10 2024 22:12:24 by "Administrator" with MS VC++ 16.10 / 16.11 (VS2019)

END.
